<?xml version="1.0" encoding="UTF-8"?>
<!-- Generated by org.testng.reporters.JUnitReportReporter -->
<testsuite hostname="DESKTOP-590TJ1V" failures="0" tests="4" name="GoogleResultPageTest" time="19.003" errors="0" timestamp="2023-08-17T14:10:44 EET" skipped="0">
  <testcase classname="GoogleResultPageTest" name="searchPageTest" time="5.696"/>
  <testcase classname="GoogleResultPageTest" name="searchPageTest" time="5.256"/>
  <testcase classname="GoogleResultPageTest" name="searchPageTest" time="2.123"/>
  <testcase classname="GoogleResultPageTest" name="searchPageTest" time="5.928"/>
</testsuite> <!-- GoogleResultPageTest -->
