<?xml version="1.0" encoding="UTF-8"?>
<!-- Generated by org.testng.reporters.JUnitReportReporter -->
<testsuite hostname="DESKTOP-590TJ1V" failures="0" tests="2" name="GoogleHomeTest" time="4.568" errors="0" timestamp="2023-08-17T14:10:44 EET" skipped="0">
  <testcase classname="GoogleHomeTest" name="searchTest" time="2.256"/>
  <testcase classname="GoogleHomeTest" name="searchTest" time="2.312"/>
</testsuite> <!-- GoogleHomeTest -->
